2023-06-11 09:33:27,571 INFO org.springframework.boot.StartupInfoLogger [main] Starting ApiApplication on Bashiuls-Air.local with PID 12678 (/Users/bashiulalam/Desktop/Projects/api/target/classes started by bashiulalam in /Users/bashiulalam/Desktop/Projects/api)
2023-06-11 09:33:27,575 INFO org.springframework.boot.SpringApplication [main] No active profile set, falling back to default profiles: default
2023-06-11 09:33:29,035 INFO org.springframework.boot.web.embedded.tomcat.TomcatWebServer [main] Tomcat initialized with port(s): 8080 (http)
2023-06-11 09:33:29,050 INFO org.apache.juli.logging.DirectJDKLog [main] Initializing ProtocolHandler ["http-nio-8080"]
2023-06-11 09:33:29,051 INFO org.apache.juli.logging.DirectJDKLog [main] Starting service [Tomcat]
2023-06-11 09:33:29,051 INFO org.apache.juli.logging.DirectJDKLog [main] Starting Servlet engine: [Apache Tomcat/9.0.36]
2023-06-11 09:33:29,116 INFO org.apache.juli.logging.DirectJDKLog [main] Initializing Spring embedded WebApplicationContext
2023-06-11 09:33:29,119 INFO org.springframework.boot.web.servlet.context.ServletWebServerApplicationContext [main] Root WebApplicationContext: initialization completed in 1478 ms
2023-06-11 09:33:29,461 INFO org.springframework.scheduling.concurrent.ExecutorConfigurationSupport [main] Initializing ExecutorService 'applicationTaskExecutor'
2023-06-11 09:33:29,711 INFO org.apache.juli.logging.DirectJDKLog [main] Starting ProtocolHandler ["http-nio-8080"]
2023-06-11 09:33:29,729 INFO org.springframework.boot.web.embedded.tomcat.TomcatWebServer [main] Tomcat started on port(s): 8080 (http) with context path ''
2023-06-11 09:33:29,749 INFO org.springframework.boot.StartupInfoLogger [main] Started ApiApplication in 2.717 seconds (JVM running for 3.609)
2023-06-11 09:33:40,112 INFO org.apache.juli.logging.DirectJDKLog [http-nio-8080-exec-4] Initializing Spring DispatcherServlet 'dispatcherServlet'
2023-06-11 09:33:40,114 INFO org.springframework.web.servlet.FrameworkServlet [http-nio-8080-exec-4] Initializing Servlet 'dispatcherServlet'
2023-06-11 09:33:40,129 INFO org.springframework.web.servlet.FrameworkServlet [http-nio-8080-exec-4] Completed initialization in 15 ms
2023-06-11 09:34:40,604 INFO org.springframework.scheduling.concurrent.ExecutorConfigurationSupport [SpringContextShutdownHook] Shutting down ExecutorService 'applicationTaskExecutor'
2023-06-11 09:37:23,150 INFO org.springframework.boot.StartupInfoLogger [main] Starting ApiApplication on Bashiuls-Air.local with PID 31832 (/Users/bashiulalam/Desktop/Projects/api/target/classes started by bashiulalam in /Users/bashiulalam/Desktop/Projects/api)
2023-06-11 09:37:23,152 INFO org.springframework.boot.SpringApplication [main] No active profile set, falling back to default profiles: default
2023-06-11 09:37:24,691 INFO org.springframework.boot.web.embedded.tomcat.TomcatWebServer [main] Tomcat initialized with port(s): 8080 (http)
2023-06-11 09:37:24,705 INFO org.apache.juli.logging.DirectJDKLog [main] Initializing ProtocolHandler ["http-nio-8080"]
2023-06-11 09:37:24,706 INFO org.apache.juli.logging.DirectJDKLog [main] Starting service [Tomcat]
2023-06-11 09:37:24,706 INFO org.apache.juli.logging.DirectJDKLog [main] Starting Servlet engine: [Apache Tomcat/9.0.36]
2023-06-11 09:37:24,775 INFO org.apache.juli.logging.DirectJDKLog [main] Initializing Spring embedded WebApplicationContext
2023-06-11 09:37:24,778 INFO org.springframework.boot.web.servlet.context.ServletWebServerApplicationContext [main] Root WebApplicationContext: initialization completed in 1566 ms
2023-06-11 09:37:25,124 INFO org.springframework.scheduling.concurrent.ExecutorConfigurationSupport [main] Initializing ExecutorService 'applicationTaskExecutor'
2023-06-11 09:37:25,372 INFO org.apache.juli.logging.DirectJDKLog [main] Starting ProtocolHandler ["http-nio-8080"]
2023-06-11 09:37:25,390 INFO org.springframework.boot.web.embedded.tomcat.TomcatWebServer [main] Tomcat started on port(s): 8080 (http) with context path ''
2023-06-11 09:37:25,406 INFO org.springframework.boot.StartupInfoLogger [main] Started ApiApplication in 2.79 seconds (JVM running for 3.54)
2023-06-11 09:37:31,859 INFO org.apache.juli.logging.DirectJDKLog [http-nio-8080-exec-4] Initializing Spring DispatcherServlet 'dispatcherServlet'
2023-06-11 09:37:31,861 INFO org.springframework.web.servlet.FrameworkServlet [http-nio-8080-exec-4] Initializing Servlet 'dispatcherServlet'
2023-06-11 09:37:31,877 INFO org.springframework.web.servlet.FrameworkServlet [http-nio-8080-exec-4] Completed initialization in 16 ms
2023-06-11 09:53:51,683 INFO org.springframework.scheduling.concurrent.ExecutorConfigurationSupport [SpringContextShutdownHook] Shutting down ExecutorService 'applicationTaskExecutor'
2023-06-11 09:54:03,309 INFO org.springframework.boot.StartupInfoLogger [main] Starting ApiApplication on Bashiuls-Air.local with PID 13785 (/Users/bashiulalam/Desktop/Projects/api/target/classes started by bashiulalam in /Users/bashiulalam/Desktop/Projects/api)
2023-06-11 09:54:03,311 INFO org.springframework.boot.SpringApplication [main] No active profile set, falling back to default profiles: default
2023-06-11 09:54:04,775 INFO org.springframework.boot.web.embedded.tomcat.TomcatWebServer [main] Tomcat initialized with port(s): 8080 (http)
2023-06-11 09:54:04,789 INFO org.apache.juli.logging.DirectJDKLog [main] Initializing ProtocolHandler ["http-nio-8080"]
2023-06-11 09:54:04,790 INFO org.apache.juli.logging.DirectJDKLog [main] Starting service [Tomcat]
2023-06-11 09:54:04,791 INFO org.apache.juli.logging.DirectJDKLog [main] Starting Servlet engine: [Apache Tomcat/9.0.36]
2023-06-11 09:54:04,864 INFO org.apache.juli.logging.DirectJDKLog [main] Initializing Spring embedded WebApplicationContext
2023-06-11 09:54:04,865 INFO org.springframework.boot.web.servlet.context.ServletWebServerApplicationContext [main] Root WebApplicationContext: initialization completed in 1493 ms
2023-06-11 09:54:05,215 INFO org.springframework.scheduling.concurrent.ExecutorConfigurationSupport [main] Initializing ExecutorService 'applicationTaskExecutor'
2023-06-11 09:54:05,468 INFO org.apache.juli.logging.DirectJDKLog [main] Starting ProtocolHandler ["http-nio-8080"]
2023-06-11 09:54:05,487 INFO org.springframework.boot.web.embedded.tomcat.TomcatWebServer [main] Tomcat started on port(s): 8080 (http) with context path ''
2023-06-11 09:54:05,505 INFO org.springframework.boot.StartupInfoLogger [main] Started ApiApplication in 2.737 seconds (JVM running for 3.48)
2023-06-11 09:54:11,445 INFO org.apache.juli.logging.DirectJDKLog [http-nio-8080-exec-1] Initializing Spring DispatcherServlet 'dispatcherServlet'
2023-06-11 09:54:11,446 INFO org.springframework.web.servlet.FrameworkServlet [http-nio-8080-exec-1] Initializing Servlet 'dispatcherServlet'
2023-06-11 09:54:11,459 INFO org.springframework.web.servlet.FrameworkServlet [http-nio-8080-exec-1] Completed initialization in 13 ms
2023-06-11 09:57:41,218 INFO org.springframework.scheduling.concurrent.ExecutorConfigurationSupport [SpringContextShutdownHook] Shutting down ExecutorService 'applicationTaskExecutor'
